# JRE version: Java(TM) SE Runtime Environment (17.0.1+12) (build 17.0.1+12-LTS-39)
# Java VM: Java HotSpot(TM) 64-Bit Server VM (17.0.1+12-LTS-39, mixed mode, sharing, tiered, compressed oops, compressed class ptrs, g1 gc, windows-amd64)
GC Precious Log:
 CPUs: 8 total, 8 available
 Memory: 6017M
 Large Page Support: Disabled
 NUMA Support: Disabled
 Compressed Oops: Enabled (32-bit)
 Heap Region Size: 1M
 Heap Min Capacity: 8M
 Heap Initial Capacity: 96M
 Heap Max Capacity: 1506M
 Pre-touch: Disabled
 Parallel Workers: 8
 Concurrent Workers: 2
 Concurrent Refinement Workers: 8
 Periodic GC: Disabled
Heap:
 garbage-first heap   total 78848K, used 57206K [0x00000000a1e00000, 0x0000000100000000)
  region size 1024K, 30 young (30720K), 5 survivors (5120K)
 Metaspace       used 63628K, committed 64064K, reserved 1105920K
  class space    used 8448K, committed 8640K, reserved 1048576K
GC Heap History (20 events):
Event: 4.272 GC heap before
{Heap before GC invocations=9 (full 0):
 garbage-first heap   total 51200K, used 37106K [0x00000000a1e00000, 0x0000000100000000)
  region size 1024K, 23 young (23552K), 3 survivors (3072K)
 Metaspace       used 30221K, committed 30656K, reserved 1081344K
  class space    used 3896K, committed 4096K, reserved 1048576K
}
Event: 4.275 GC heap after
{Heap after GC invocations=10 (full 0):
 garbage-first heap   total 51200K, used 19099K [0x00000000a1e00000, 0x0000000100000000)
  region size 1024K, 2 young (2048K), 2 survivors (2048K)
 Metaspace       used 30221K, committed 30656K, reserved 1081344K
  class space    used 3896K, committed 4096K, reserved 1048576K
}
Event: 4.280 GC heap before
{Heap before GC invocations=10 (full 0):
 garbage-first heap   total 51200K, used 37531K [0x00000000a1e00000, 0x0000000100000000)
  region size 1024K, 21 young (21504K), 2 survivors (2048K)
 Metaspace       used 30221K, committed 30656K, reserved 1081344K
  class space    used 3896K, committed 4096K, reserved 1048576K
}
Event: 4.281 GC heap after
{Heap after GC invocations=11 (full 0):
 garbage-first heap   total 51200K, used 19039K [0x00000000a1e00000, 0x0000000100000000)
  region size 1024K, 2 young (2048K), 2 survivors (2048K)
 Metaspace       used 30221K, committed 30656K, reserved 1081344K
  class space    used 3896K, committed 4096K, reserved 1048576K
}
Event: 4.379 GC heap before
{Heap before GC invocations=11 (full 0):
 garbage-first heap   total 51200K, used 38495K [0x00000000a1e00000, 0x0000000100000000)
  region size 1024K, 22 young (22528K), 2 survivors (2048K)
 Metaspace       used 30905K, committed 31232K, reserved 1081344K
  class space    used 3956K, committed 4096K, reserved 1048576K
}
Event: 4.382 GC heap after
{Heap after GC invocations=12 (full 0):
 garbage-first heap   total 110592K, used 19529K [0x00000000a1e00000, 0x0000000100000000)
  region size 1024K, 2 young (2048K), 2 survivors (2048K)
 Metaspace       used 30905K, committed 31232K, reserved 1081344K
  class space    used 3956K, committed 4096K, reserved 1048576K
}
Event: 5.113 GC heap before
{Heap before GC invocations=12 (full 0):
 garbage-first heap   total 110592K, used 81993K [0x00000000a1e00000, 0x0000000100000000)
  region size 1024K, 64 young (65536K), 2 survivors (2048K)
 Metaspace       used 34903K, committed 35264K, reserved 1081344K
  class space    used 4555K, committed 4736K, reserved 1048576K
}
Event: 5.116 GC heap after
{Heap after GC invocations=13 (full 0):
 garbage-first heap   total 110592K, used 20577K [0x00000000a1e00000, 0x0000000100000000)
  region size 1024K, 3 young (3072K), 3 survivors (3072K)
 Metaspace       used 34903K, committed 35264K, reserved 1081344K
  class space    used 4555K, committed 4736K, reserved 1048576K
}
Event: 5.199 GC heap before
{Heap before GC invocations=13 (full 0):
 garbage-first heap   total 110592K, used 22625K [0x00000000a1e00000, 0x0000000100000000)
  region size 1024K, 6 young (6144K), 3 survivors (3072K)
 Metaspace       used 35766K, committed 36096K, reserved 1081344K
  class space    used 4742K, committed 4928K, reserved 1048576K
}
Event: 5.201 GC heap after
{Heap after GC invocations=14 (full 0):
 garbage-first heap   total 110592K, used 20827K [0x00000000a1e00000, 0x0000000100000000)
  region size 1024K, 4 young (4096K), 4 survivors (4096K)
 Metaspace       used 35766K, committed 36096K, reserved 1081344K
  class space    used 4742K, committed 4928K, reserved 1048576K
}
Event: 6.630 GC heap before
{Heap before GC invocations=15 (full 0):
 garbage-first heap   total 78848K, used 62811K [0x00000000a1e00000, 0x0000000100000000)
  region size 1024K, 46 young (47104K), 4 survivors (4096K)
 Metaspace       used 46511K, committed 46848K, reserved 1089536K
  class space    used 6252K, committed 6400K, reserved 1048576K
}
Event: 6.636 GC heap after
{Heap after GC invocations=16 (full 0):
 garbage-first heap   total 78848K, used 23957K [0x00000000a1e00000, 0x0000000100000000)
  region size 1024K, 6 young (6144K), 6 survivors (6144K)
 Metaspace       used 46511K, committed 46848K, reserved 1089536K
  class space    used 6252K, committed 6400K, reserved 1048576K
}
Event: 7.532 GC heap before
{Heap before GC invocations=16 (full 0):
 garbage-first heap   total 78848K, used 61845K [0x00000000a1e00000, 0x0000000100000000)
  region size 1024K, 43 young (44032K), 6 survivors (6144K)
 Metaspace       used 51288K, committed 51648K, reserved 1097728K
  class space    used 6875K, committed 7040K, reserved 1048576K
}
Event: 7.540 GC heap after
{Heap after GC invocations=17 (full 0):
 garbage-first heap   total 78848K, used 26592K [0x00000000a1e00000, 0x0000000100000000)
  region size 1024K, 3 young (3072K), 3 survivors (3072K)
 Metaspace       used 51288K, committed 51648K, reserved 1097728K
  class space    used 6875K, committed 7040K, reserved 1048576K
}
Event: 7.943 GC heap before
{Heap before GC invocations=17 (full 0):
 garbage-first heap   total 78848K, used 62432K [0x00000000a1e00000, 0x0000000100000000)
  region size 1024K, 38 young (38912K), 3 survivors (3072K)
 Metaspace       used 54079K, committed 54464K, reserved 1097728K
  class space    used 7197K, committed 7424K, reserved 1048576K
}
Event: 7.947 GC heap after
{Heap after GC invocations=18 (full 0):
 garbage-first heap   total 78848K, used 28100K [0x00000000a1e00000, 0x0000000100000000)
  region size 1024K, 5 young (5120K), 5 survivors (5120K)
 Metaspace       used 54079K, committed 54464K, reserved 1097728K
  class space    used 7197K, committed 7424K, reserved 1048576K
}
Event: 8.347 GC heap before
{Heap before GC invocations=18 (full 0):
 garbage-first heap   total 78848K, used 62916K [0x00000000a1e00000, 0x0000000100000000)
  region size 1024K, 39 young (39936K), 5 survivors (5120K)
 Metaspace       used 56007K, committed 56384K, reserved 1097728K
  class space    used 7429K, committed 7616K, reserved 1048576K
}
Event: 8.351 GC heap after
{Heap after GC invocations=19 (full 0):
 garbage-first heap   total 78848K, used 29715K [0x00000000a1e00000, 0x0000000100000000)
  region size 1024K, 4 young (4096K), 4 survivors (4096K)
 Metaspace       used 56007K, committed 56384K, reserved 1097728K
  class space    used 7429K, committed 7616K, reserved 1048576K
}
Event: 9.067 GC heap before
{Heap before GC invocations=19 (full 0):
 garbage-first heap   total 78848K, used 57363K [0x00000000a1e00000, 0x0000000100000000)
  region size 1024K, 32 young (32768K), 4 survivors (4096K)
 Metaspace       used 60229K, committed 60608K, reserved 1105920K
  class space    used 8014K, committed 8192K, reserved 1048576K
}
Event: 9.073 GC heap after
{Heap after GC invocations=20 (full 0):
 garbage-first heap   total 78848K, used 32630K [0x00000000a1e00000, 0x0000000100000000)
  region size 1024K, 5 young (5120K), 5 survivors (5120K)
 Metaspace       used 60229K, committed 60608K, reserved 1105920K
  class space    used 8014K, committed 8192K, reserved 1048576K
}

